<?xml version="1.0" encoding="UTF-8"?>
<beans xmlns="http://www.springframework.org/schema/beans"
       xmlns:xsi="http://www.w3.org/2001/XMLSchema-instance"
       xmlns:context="http://www.springframework.org/schema/context"
       xmlns:tx="http://www.springframework.org/schema/tx" xmlns:mvc="http://www.springframework.org/schema/mvc"
       xsi:schemaLocation="http://www.springframework.org/schema/beans
        http://www.springframework.org/schema/beans/spring-beans-3.0.xsd
        http://www.springframework.org/schema/context
         http://www.springframework.org/schema/context/spring-context-2.5.xsd
          http://www.springframework.org/schema/tx
           http://www.springframework.org/schema/tx/spring-tx-3.0.xsd
            http://www.springframework.org/schema/mvc
             http://www.springframework.org/schema/mvc/spring-mvc-3.0.xsd">

  <bean class="pl.bristleback.server.bristle.conf.resolver.message.ObjectSenderInjector">
  </bean>

  <bean id="system.sender.condition" class="pl.bristleback.server.bristle.message.ConditionObjectSender"
        scope="prototype"/>

  <bean id="mockBeansFactory" class="pl.bristleback.server.mock.beans.SpringMockBeansFactory"/>

  <bean id="sampleActionBean" class="pl.bristleback.server.mock.action.SimpleActionClass"/>

  <bean id="notAnnotatedAction" class="pl.bristleback.server.mock.action.NotAnnotatedActionClass"/>

  <bean id="initPojoConfigResolver" class="pl.bristleback.server.bristle.conf.resolver.init.PojoConfigResolver">
    <property name="userFactory" value="mockUserFactory"/>
    <!--<property name="serializationEngine" value="jackson-json"/>-->
  </bean>

  <bean id="testServerInstance" class="pl.bristleback.server.bristle.app.BristlebackServerInstance"
        factory-bean="mockBeansFactory"
        factory-method="mockServerInstance"/>

  <bean id="mockUserFactory" class="pl.bristleback.server.mock.MockUserFactory"/>

  <bean id="mockClientActionClass" class="pl.bristleback.server.mock.action.client.MockClientActionClass"/>

  <bean id="nonStandardClientActionClass" class="pl.bristleback.server.mock.action.NonStandardClientActionClass"/>

  <bean id="extendingClientActionClass" class="pl.bristleback.server.mock.action.ExtendingClientActionClass"/>

  <bean id="outgoingPointcut" class="org.springframework.aop.support.ComposablePointcut">
    <constructor-arg index="0" ref="outputAnnotationPointcut"/>
    <constructor-arg index="1" ref="outputActionAnnotationPointcut"/>
  </bean>

  <bean id="outputAnnotationPointcut"
        class="org.springframework.aop.support.annotation.AnnotationClassFilter">
    <constructor-arg index="0" value="pl.bristleback.server.bristle.api.annotations.ClientActionClass"/>
  </bean>

  <bean id="outputActionAnnotationPointcut"
        class="org.springframework.aop.support.annotation.AnnotationMethodMatcher">
    <constructor-arg index="0" value="pl.bristleback.server.bristle.api.annotations.ClientAction"/>
  </bean>

  <bean class="org.springframework.aop.framework.autoproxy.DefaultAdvisorAutoProxyCreator"/>

  <bean id="clientActionsInterceptor"
        class="pl.bristleback.server.bristle.action.client.ClientActionProxyInterceptor"/>

  <bean id="outputMessageProxyAdvisor"
        class="org.springframework.aop.support.DefaultPointcutAdvisor">
    <property name="pointcut" ref="outgoingPointcut"/>
    <property name="advice" ref="clientActionsInterceptor"/>
  </bean>


</beans>