<?xml version="1.0" encoding="UTF-8"?>
<beans xmlns="http://www.springframework.org/schema/beans"
       xmlns:xsi="http://www.w3.org/2001/XMLSchema-instance"
       xmlns:context="http://www.springframework.org/schema/context"
       xmlns:tx="http://www.springframework.org/schema/tx" xmlns:mvc="http://www.springframework.org/schema/mvc"
       xsi:schemaLocation="http://www.springframework.org/schema/beans
        http://www.springframework.org/schema/beans/spring-beans-3.0.xsd
        http://www.springframework.org/schema/context
         http://www.springframework.org/schema/context/spring-context-2.5.xsd
          http://www.springframework.org/schema/tx
           http://www.springframework.org/schema/tx/spring-tx-3.0.xsd
            http://www.springframework.org/schema/mvc
             http://www.springframework.org/schema/mvc/spring-mvc-3.0.xsd">

  <bean class="pl.bristleback.server.bristle.conf.resolver.message.ObjectSenderInjector">
  </bean>

  <bean id="system.sender.condition" class="pl.bristleback.server.bristle.message.sender.ConditionObjectSender"
        scope="prototype"/>

  <bean id="mockBeansFactory" class="pl.bristleback.server.mock.beans.SpringMockBeansFactory"/>

  <bean id="sampleActionBean" class="pl.bristleback.server.mock.action.SimpleActionClass"/>

  <bean id="notAnnotatedAction" class="pl.bristleback.server.mock.action.NotAnnotatedActionClass"/>

  <bean id="initPojoConfigResolver" class="pl.bristleback.server.bristle.conf.resolver.init.PojoConfigResolver">
    <property name="userFactory">
      <bean class="pl.bristleback.server.mock.MockUserFactory"/>
    </property>
    <!--<property name="serializationEngine" value="jackson-json"/>-->
  </bean>

  <bean id="testServerInstance" class="pl.bristleback.server.bristle.app.BristlebackServerInstance"
        factory-bean="mockBeansFactory"
        factory-method="mockServerInstance"/>

</beans>